<?xml version="1.0" encoding="UTF-8"?>
<!-- Generated by org.testng.reporters.JUnitReportReporter -->
<testsuite hostname="LAPTOP-8IJGVCHM" failures="0" tests="1" name="com.test.MultiTest" time="18.359" errors="0" timestamp="2025-08-24T06:38:31 CEST" skipped="0">
  <testcase classname="com.test.MultiTest" name="SelectDropDown" time="18.359"/>
</testsuite> <!-- com.test.MultiTest -->
