<?xml version="1.0" encoding="UTF-8"?>
<!-- Generated by org.testng.reporters.JUnitReportReporter -->
<testsuite hostname="LAPTOP-8IJGVCHM" failures="0" tests="3" name="com.test.MultiTest2BCAC" time="27.474" errors="0" timestamp="2025-08-30T05:45:01 CEST" skipped="0">
  <testcase classname="com.test.MultiTest2BCAC" name="SelectDropDown" time="2.626"/>
  <testcase classname="com.test.MultiTest2BCAC" name="AdvanceDropDown" time="10.580"/>
  <testcase classname="com.test.MultiTest2BCAC" name="AdvanceDropDown2" time="14.268"/>
</testsuite> <!-- com.test.MultiTest2BCAC -->
