<?xml version="1.0" encoding="UTF-8"?>
<!-- Generated by org.testng.reporters.JUnitReportReporter -->
<testsuite hostname="LAPTOP-8IJGVCHM" failures="0" tests="2" name="com.test.MultiTest" time="4.139" errors="0" timestamp="2025-08-30T05:43:12 CEST" skipped="0">
  <testcase classname="com.test.MultiTest" name="SelectDropDown" time="2.790"/>
  <testcase classname="com.test.MultiTest" name="SelectDropDown2" time="1.349"/>
</testsuite> <!-- com.test.MultiTest -->
