<?xml version="1.0" encoding="UTF-8"?>
<!-- Generated by org.testng.reporters.JUnitReportReporter -->
<testsuite hostname="LAPTOP-8IJGVCHM" failures="0" tests="2" name="com.test.MultiTest2BCAC" time="13.432" errors="0" timestamp="2025-08-24T06:40:05 CEST" skipped="0">
  <testcase classname="com.test.MultiTest2BCAC" name="SelectDropDown" time="2.759"/>
  <testcase classname="com.test.MultiTest2BCAC" name="AdvanceDropDown" time="10.673"/>
</testsuite> <!-- com.test.MultiTest2BCAC -->
