<?xml version="1.0" encoding="UTF-8"?>
<!-- Generated by org.testng.reporters.JUnitReportReporter -->
<testsuite hostname="LAPTOP-8IJGVCHM" failures="0" tests="1" name="com.test.MultiTest" time="26.950" errors="0" timestamp="2025-08-24T06:57:02 CEST" skipped="0">
  <testcase classname="com.test.MultiTest" name="SelectDropDown" time="26.950"/>
</testsuite> <!-- com.test.MultiTest -->
